# JRE version: Java(TM) SE Runtime Environment (12.0.2+10) (build 12.0.2+10)
# Java VM: Java HotSpot(TM) 64-Bit Server VM (12.0.2+10, mixed mode, sharing, tiered, compressed oops, g1 gc, windows-amd64)
Heap:
 garbage-first heap   total 262144K, used 38460K [0x0000000700c00000, 0x0000000800000000)
  region size 1024K, 37 young (37888K), 1 survivors (1024K)
 Metaspace       used 12036K, capacity 12326K, committed 12544K, reserved 1060864K
  class space    used 1417K, capacity 1534K, committed 1536K, reserved 1048576K
GC Heap History (10 events):
Event: 67.066 GC heap before
{Heap before GC invocations=125 (full 0):
 garbage-first heap   total 262144K, used 157236K [0x0000000700c00000, 0x0000000800000000)
  region size 1024K, 153 young (156672K), 1 survivors (1024K)
 Metaspace       used 2338K, capacity 4689K, committed 4864K, reserved 1056768K
  class space    used 211K, capacity 436K, committed 512K, reserved 1048576K
}
Event: 67.066 GC heap after
{Heap after GC invocations=126 (full 0):
 garbage-first heap   total 262144K, used 1590K [0x0000000700c00000, 0x0000000800000000)
  region size 1024K, 1 young (1024K), 1 survivors (1024K)
 Metaspace       used 2338K, capacity 4689K, committed 4864K, reserved 1056768K
  class space    used 211K, capacity 436K, committed 512K, reserved 1048576K
}
Event: 67.656 GC heap before
{Heap before GC invocations=126 (full 0):
 garbage-first heap   total 262144K, used 157238K [0x0000000700c00000, 0x0000000800000000)
  region size 1024K, 153 young (156672K), 1 survivors (1024K)
 Metaspace       used 2338K, capacity 4689K, committed 4864K, reserved 1056768K
  class space    used 211K, capacity 436K, committed 512K, reserved 1048576K
}
Event: 67.656 GC heap after
{Heap after GC invocations=127 (full 0):
 garbage-first heap   total 262144K, used 1590K [0x0000000700c00000, 0x0000000800000000)
  region size 1024K, 1 young (1024K), 1 survivors (1024K)
 Metaspace       used 2338K, capacity 4689K, committed 4864K, reserved 1056768K
  class space    used 211K, capacity 436K, committed 512K, reserved 1048576K
}
Event: 68.218 GC heap before
{Heap before GC invocations=127 (full 0):
 garbage-first heap   total 262144K, used 157238K [0x0000000700c00000, 0x0000000800000000)
  region size 1024K, 153 young (156672K), 1 survivors (1024K)
 Metaspace       used 2338K, capacity 4689K, committed 4864K, reserved 1056768K
  class space    used 211K, capacity 436K, committed 512K, reserved 1048576K
}
Event: 68.218 GC heap after
{Heap after GC invocations=128 (full 0):
 garbage-first heap   total 262144K, used 1592K [0x0000000700c00000, 0x0000000800000000)
  region size 1024K, 1 young (1024K), 1 survivors (1024K)
 Metaspace       used 2338K, capacity 4689K, committed 4864K, reserved 1056768K
  class space    used 211K, capacity 436K, committed 512K, reserved 1048576K
}
Event: 68.752 GC heap before
{Heap before GC invocations=128 (full 0):
 garbage-first heap   total 262144K, used 157240K [0x0000000700c00000, 0x0000000800000000)
  region size 1024K, 153 young (156672K), 1 survivors (1024K)
 Metaspace       used 2338K, capacity 4689K, committed 4864K, reserved 1056768K
  class space    used 211K, capacity 436K, committed 512K, reserved 1048576K
}
Event: 68.753 GC heap after
{Heap after GC invocations=129 (full 0):
 garbage-first heap   total 262144K, used 1592K [0x0000000700c00000, 0x0000000800000000)
  region size 1024K, 1 young (1024K), 1 survivors (1024K)
 Metaspace       used 2338K, capacity 4689K, committed 4864K, reserved 1056768K
  class space    used 211K, capacity 436K, committed 512K, reserved 1048576K
}
Event: 69.302 GC heap before
{Heap before GC invocations=129 (full 0):
 garbage-first heap   total 262144K, used 157240K [0x0000000700c00000, 0x0000000800000000)
  region size 1024K, 153 young (156672K), 1 survivors (1024K)
 Metaspace       used 2400K, capacity 4689K, committed 4864K, reserved 1056768K
  class space    used 220K, capacity 436K, committed 512K, reserved 1048576K
}
Event: 69.302 GC heap after
{Heap after GC invocations=130 (full 0):
 garbage-first heap   total 262144K, used 1596K [0x0000000700c00000, 0x0000000800000000)
  region size 1024K, 1 young (1024K), 1 survivors (1024K)
 Metaspace       used 2400K, capacity 4689K, committed 4864K, reserved 1056768K
  class space    used 220K, capacity 436K, committed 512K, reserved 1048576K
}

