# JRE version: Java(TM) SE Runtime Environment (12.0.2+10) (build 12.0.2+10)
# Java VM: Java HotSpot(TM) 64-Bit Server VM (12.0.2+10, mixed mode, sharing, tiered, compressed oops, g1 gc, windows-amd64)
Heap:
 garbage-first heap   total 262144K, used 19055K [0x0000000700c00000, 0x0000000800000000)
  region size 1024K, 17 young (17408K), 2 survivors (2048K)
 Metaspace       used 12051K, capacity 12358K, committed 12672K, reserved 1060864K
  class space    used 1419K, capacity 1566K, committed 1664K, reserved 1048576K
GC Heap History (10 events):
Event: 76.494 GC heap before
{Heap before GC invocations=151 (full 0):
 garbage-first heap   total 262144K, used 158015K [0x0000000700c00000, 0x0000000800000000)
  region size 1024K, 153 young (156672K), 1 survivors (1024K)
 Metaspace       used 2345K, capacity 4689K, committed 4864K, reserved 1056768K
  class space    used 211K, capacity 436K, committed 512K, reserved 1048576K
}
Event: 76.494 GC heap after
{Heap after GC invocations=152 (full 0):
 garbage-first heap   total 262144K, used 2373K [0x0000000700c00000, 0x0000000800000000)
  region size 1024K, 1 young (1024K), 1 survivors (1024K)
 Metaspace       used 2345K, capacity 4689K, committed 4864K, reserved 1056768K
  class space    used 211K, capacity 436K, committed 512K, reserved 1048576K
}
Event: 76.990 GC heap before
{Heap before GC invocations=152 (full 0):
 garbage-first heap   total 262144K, used 158021K [0x0000000700c00000, 0x0000000800000000)
  region size 1024K, 153 young (156672K), 1 survivors (1024K)
 Metaspace       used 2345K, capacity 4689K, committed 4864K, reserved 1056768K
  class space    used 211K, capacity 436K, committed 512K, reserved 1048576K
}
Event: 76.991 GC heap after
{Heap after GC invocations=153 (full 0):
 garbage-first heap   total 262144K, used 2380K [0x0000000700c00000, 0x0000000800000000)
  region size 1024K, 1 young (1024K), 1 survivors (1024K)
 Metaspace       used 2345K, capacity 4689K, committed 4864K, reserved 1056768K
  class space    used 211K, capacity 436K, committed 512K, reserved 1048576K
}
Event: 77.482 GC heap before
{Heap before GC invocations=153 (full 0):
 garbage-first heap   total 262144K, used 158028K [0x0000000700c00000, 0x0000000800000000)
  region size 1024K, 153 young (156672K), 1 survivors (1024K)
 Metaspace       used 2345K, capacity 4689K, committed 4864K, reserved 1056768K
  class space    used 211K, capacity 436K, committed 512K, reserved 1048576K
}
Event: 77.482 GC heap after
{Heap after GC invocations=154 (full 0):
 garbage-first heap   total 262144K, used 2387K [0x0000000700c00000, 0x0000000800000000)
  region size 1024K, 1 young (1024K), 1 survivors (1024K)
 Metaspace       used 2345K, capacity 4689K, committed 4864K, reserved 1056768K
  class space    used 211K, capacity 436K, committed 512K, reserved 1048576K
}
Event: 77.974 GC heap before
{Heap before GC invocations=154 (full 0):
 garbage-first heap   total 262144K, used 158035K [0x0000000700c00000, 0x0000000800000000)
  region size 1024K, 153 young (156672K), 1 survivors (1024K)
 Metaspace       used 2345K, capacity 4689K, committed 4864K, reserved 1056768K
  class space    used 211K, capacity 436K, committed 512K, reserved 1048576K
}
Event: 77.974 GC heap after
{Heap after GC invocations=155 (full 0):
 garbage-first heap   total 262144K, used 2394K [0x0000000700c00000, 0x0000000800000000)
  region size 1024K, 1 young (1024K), 1 survivors (1024K)
 Metaspace       used 2345K, capacity 4689K, committed 4864K, reserved 1056768K
  class space    used 211K, capacity 436K, committed 512K, reserved 1048576K
}
Event: 2469.051 GC heap before
{Heap before GC invocations=155 (full 0):
 garbage-first heap   total 262144K, used 158042K [0x0000000700c00000, 0x0000000800000000)
  region size 1024K, 153 young (156672K), 1 survivors (1024K)
 Metaspace       used 11949K, capacity 12198K, committed 12288K, reserved 1060864K
  class space    used 1410K, capacity 1534K, committed 1536K, reserved 1048576K
}
Event: 2469.059 GC heap after
{Heap after GC invocations=156 (full 0):
 garbage-first heap   total 262144K, used 3695K [0x0000000700c00000, 0x0000000800000000)
  region size 1024K, 2 young (2048K), 2 survivors (2048K)
 Metaspace       used 11949K, capacity 12198K, committed 12288K, reserved 1060864K
  class space    used 1410K, capacity 1534K, committed 1536K, reserved 1048576K
}

