# JRE version: Java(TM) SE Runtime Environment (12.0.2+10) (build 12.0.2+10)
# Java VM: Java HotSpot(TM) 64-Bit Server VM (12.0.2+10, mixed mode, sharing, tiered, compressed oops, g1 gc, windows-amd64)
Heap:
 garbage-first heap   total 262144K, used 114265K [0x0000000700c00000, 0x0000000800000000)
  region size 1024K, 111 young (113664K), 1 survivors (1024K)
 Metaspace       used 12046K, capacity 12326K, committed 12544K, reserved 1060864K
  class space    used 1417K, capacity 1534K, committed 1536K, reserved 1048576K
GC Heap History (10 events):
Event: 65.773 GC heap before
{Heap before GC invocations=123 (full 0):
 garbage-first heap   total 262144K, used 157210K [0x0000000700c00000, 0x0000000800000000)
  region size 1024K, 153 young (156672K), 1 survivors (1024K)
 Metaspace       used 2338K, capacity 4689K, committed 4864K, reserved 1056768K
  class space    used 211K, capacity 436K, committed 512K, reserved 1048576K
}
Event: 65.773 GC heap after
{Heap after GC invocations=124 (full 0):
 garbage-first heap   total 262144K, used 1564K [0x0000000700c00000, 0x0000000800000000)
  region size 1024K, 1 young (1024K), 1 survivors (1024K)
 Metaspace       used 2338K, capacity 4689K, committed 4864K, reserved 1056768K
  class space    used 211K, capacity 436K, committed 512K, reserved 1048576K
}
Event: 66.303 GC heap before
{Heap before GC invocations=124 (full 0):
 garbage-first heap   total 262144K, used 157212K [0x0000000700c00000, 0x0000000800000000)
  region size 1024K, 153 young (156672K), 1 survivors (1024K)
 Metaspace       used 2338K, capacity 4689K, committed 4864K, reserved 1056768K
  class space    used 211K, capacity 436K, committed 512K, reserved 1048576K
}
Event: 66.304 GC heap after
{Heap after GC invocations=125 (full 0):
 garbage-first heap   total 262144K, used 1567K [0x0000000700c00000, 0x0000000800000000)
  region size 1024K, 1 young (1024K), 1 survivors (1024K)
 Metaspace       used 2338K, capacity 4689K, committed 4864K, reserved 1056768K
  class space    used 211K, capacity 436K, committed 512K, reserved 1048576K
}
Event: 66.837 GC heap before
{Heap before GC invocations=125 (full 0):
 garbage-first heap   total 262144K, used 157215K [0x0000000700c00000, 0x0000000800000000)
  region size 1024K, 153 young (156672K), 1 survivors (1024K)
 Metaspace       used 2338K, capacity 4689K, committed 4864K, reserved 1056768K
  class space    used 211K, capacity 436K, committed 512K, reserved 1048576K
}
Event: 66.838 GC heap after
{Heap after GC invocations=126 (full 0):
 garbage-first heap   total 262144K, used 1584K [0x0000000700c00000, 0x0000000800000000)
  region size 1024K, 1 young (1024K), 1 survivors (1024K)
 Metaspace       used 2338K, capacity 4689K, committed 4864K, reserved 1056768K
  class space    used 211K, capacity 436K, committed 512K, reserved 1048576K
}
Event: 67.372 GC heap before
{Heap before GC invocations=126 (full 0):
 garbage-first heap   total 262144K, used 157232K [0x0000000700c00000, 0x0000000800000000)
  region size 1024K, 153 young (156672K), 1 survivors (1024K)
 Metaspace       used 2338K, capacity 4689K, committed 4864K, reserved 1056768K
  class space    used 211K, capacity 436K, committed 512K, reserved 1048576K
}
Event: 67.372 GC heap after
{Heap after GC invocations=127 (full 0):
 garbage-first heap   total 262144K, used 1601K [0x0000000700c00000, 0x0000000800000000)
  region size 1024K, 1 young (1024K), 1 survivors (1024K)
 Metaspace       used 2338K, capacity 4689K, committed 4864K, reserved 1056768K
  class space    used 211K, capacity 436K, committed 512K, reserved 1048576K
}
Event: 67.901 GC heap before
{Heap before GC invocations=127 (full 0):
 garbage-first heap   total 262144K, used 157249K [0x0000000700c00000, 0x0000000800000000)
  region size 1024K, 153 young (156672K), 1 survivors (1024K)
 Metaspace       used 2338K, capacity 4689K, committed 4864K, reserved 1056768K
  class space    used 211K, capacity 436K, committed 512K, reserved 1048576K
}
Event: 67.901 GC heap after
{Heap after GC invocations=128 (full 0):
 garbage-first heap   total 262144K, used 1625K [0x0000000700c00000, 0x0000000800000000)
  region size 1024K, 1 young (1024K), 1 survivors (1024K)
 Metaspace       used 2338K, capacity 4689K, committed 4864K, reserved 1056768K
  class space    used 211K, capacity 436K, committed 512K, reserved 1048576K
}

